<?xml version="1.0" encoding="UTF-8"?>
<testsuite name="JUnit Vintage" tests="1" skipped="0" failures="0" errors="0" time="0.027" hostname="Danns-MacBook-Pro.local" timestamp="2017-01-06T17:41:04">
<properties>
<property name="ant.home" value="/usr/local/Cellar/ant/1.9.8/libexec"/>
<property name="ant.library.dir" value="/usr/local/Cellar/ant/1.9.8/libexec/lib"/>
<property name="awt.toolkit" value="sun.lwawt.macosx.LWCToolkit"/>
<property name="file.encoding" value="UTF-8"/>
<property name="file.encoding.pkg" value="sun.io"/>
<property name="file.separator" value="/"/>
<property name="ftp.nonProxyHosts" value="local|*.local|169.254/16|*.169.254/16"/>
<property name="gopherProxySet" value="false"/>
<property name="http.nonProxyHosts" value="local|*.local|169.254/16|*.169.254/16"/>
<property name="java.awt.graphicsenv" value="sun.awt.CGraphicsEnvironment"/>
<property name="java.awt.printerjob" value="sun.lwawt.macosx.CPrinterJob"/>
<property name="java.class.path" value="/usr/local/Cellar/ant/1.9.8/libexec/lib/ant-launcher.jar:/Users/dannhilario/git/junit5-samples/junit5-ant-consumer/build/classes/main/:/Users/dannhilario/git/junit5-samples/junit5-ant-consumer/build/classes/test/:/Users/dannhilario/git/junit5-samples/junit5-ant-consumer/build/classes/test2/:/Users/dannhilario/git/junit5-samples/junit5-ant-consumer/libs/junit-platform-commons-1.0.0-SNAPSHOT.jar:/Users/dannhilario/git/junit5-samples/junit5-ant-consumer/libs/junit-platform-engine-1.0.0-SNAPSHOT.jar:/Users/dannhilario/git/junit5-samples/junit5-ant-consumer/libs/junit-jupiter-engine-5.0.0-SNAPSHOT.jar:/Users/dannhilario/git/junit5-samples/junit5-ant-consumer/libs/junit-jupiter-api-5.0.0-SNAPSHOT.jar:/Users/dannhilario/git/junit5-samples/junit5-ant-consumer/libs/junit-vintage-engine-4.12.0-SNAPSHOT.jar:/Users/dannhilario/git/junit5-samples/junit5-ant-consumer/libs/junit-4.12.jar:/Users/dannhilario/git/junit5-samples/junit5-ant-consumer/libs/opentest4j-1.0.0-M1.jar:/Users/dannhilario/git/junit5-samples/junit5-ant-consumer/libs/hamcrest-core-1.3.jar:/usr/local/share/ant:/usr/local/Cellar/ant/1.9.8/libexec/lib/ant-antlr.jar:/usr/local/Cellar/ant/1.9.8/libexec/lib/ant-apache-bcel.jar:/usr/local/Cellar/ant/1.9.8/libexec/lib/ant-apache-bsf.jar:/usr/local/Cellar/ant/1.9.8/libexec/lib/ant-apache-log4j.jar:/usr/local/Cellar/ant/1.9.8/libexec/lib/ant-apache-oro.jar:/usr/local/Cellar/ant/1.9.8/libexec/lib/ant-apache-regexp.jar:/usr/local/Cellar/ant/1.9.8/libexec/lib/ant-apache-resolver.jar:/usr/local/Cellar/ant/1.9.8/libexec/lib/ant-apache-xalan2.jar:/usr/local/Cellar/ant/1.9.8/libexec/lib/ant-commons-logging.jar:/usr/local/Cellar/ant/1.9.8/libexec/lib/ant-commons-net.jar:/usr/local/Cellar/ant/1.9.8/libexec/lib/ant-jai.jar:/usr/local/Cellar/ant/1.9.8/libexec/lib/ant-javamail.jar:/usr/local/Cellar/ant/1.9.8/libexec/lib/ant-jdepend.jar:/usr/local/Cellar/ant/1.9.8/libexec/lib/ant-jmf.jar:/usr/local/Cellar/ant/1.9.8/libexec/lib/ant-jsch.jar:/usr/local/Cellar/ant/1.9.8/libexec/lib/ant-junit.jar:/usr/local/Cellar/ant/1.9.8/libexec/lib/ant-junit4.jar:/usr/local/Cellar/ant/1.9.8/libexec/lib/ant-launcher.jar:/usr/local/Cellar/ant/1.9.8/libexec/lib/ant-netrexx.jar:/usr/local/Cellar/ant/1.9.8/libexec/lib/ant-swing.jar:/usr/local/Cellar/ant/1.9.8/libexec/lib/ant-testutil.jar:/usr/local/Cellar/ant/1.9.8/libexec/lib/ant.jar:/Library/Java/JavaVirtualMachines/jdk1.8.0_20.jdk/Contents/Home/lib/tools.jar"/>
<property name="java.class.version" value="52.0"/>
<property name="java.endorsed.dirs" value="/Library/Java/JavaVirtualMachines/jdk1.8.0_20.jdk/Contents/Home/jre/lib/endorsed"/>
<property name="java.ext.dirs" value="/Users/dannhilario/Library/Java/Extensions:/Library/Java/JavaVirtualMachines/jdk1.8.0_20.jdk/Contents/Home/jre/lib/ext:/Library/Java/Extensions:/Network/Library/Java/Extensions:/System/Library/Java/Extensions:/usr/lib/java"/>
<property name="java.home" value="/Library/Java/JavaVirtualMachines/jdk1.8.0_20.jdk/Contents/Home/jre"/>
<property name="java.io.tmpdir" value="/var/folders/lr/66jnt8296ln1dpdpxp1b3v3m0000gn/T/"/>
<property name="java.library.path" value="/Users/dannhilario/Library/Java/Extensions:/Library/Java/Extensions:/Network/Library/Java/Extensions:/System/Library/Java/Extensions:/usr/lib/java:."/>
<property name="java.runtime.name" value="Java(TM) SE Runtime Environment"/>
<property name="java.runtime.version" value="1.8.0_20-b26"/>
<property name="java.specification.name" value="Java Platform API Specification"/>
<property name="java.specification.vendor" value="Oracle Corporation"/>
<property name="java.specification.version" value="1.8"/>
<property name="java.vendor" value="Oracle Corporation"/>
<property name="java.vendor.url" value="http://java.oracle.com/"/>
<property name="java.vendor.url.bug" value="http://bugreport.sun.com/bugreport/"/>
<property name="java.version" value="1.8.0_20"/>
<property name="java.vm.info" value="mixed mode"/>
<property name="java.vm.name" value="Java HotSpot(TM) 64-Bit Server VM"/>
<property name="java.vm.specification.name" value="Java Virtual Machine Specification"/>
<property name="java.vm.specification.vendor" value="Oracle Corporation"/>
<property name="java.vm.specification.version" value="1.8"/>
<property name="java.vm.vendor" value="Oracle Corporation"/>
<property name="java.vm.version" value="25.20-b23"/>
<property name="line.separator" value="
"/>
<property name="os.arch" value="x86_64"/>
<property name="os.name" value="Mac OS X"/>
<property name="os.version" value="10.11.5"/>
<property name="path.separator" value=":"/>
<property name="socksNonProxyHosts" value="local|*.local|169.254/16|*.169.254/16"/>
<property name="sun.arch.data.model" value="64"/>
<property name="sun.boot.class.path" value="/Library/Java/JavaVirtualMachines/jdk1.8.0_20.jdk/Contents/Home/jre/lib/resources.jar:/Library/Java/JavaVirtualMachines/jdk1.8.0_20.jdk/Contents/Home/jre/lib/rt.jar:/Library/Java/JavaVirtualMachines/jdk1.8.0_20.jdk/Contents/Home/jre/lib/sunrsasign.jar:/Library/Java/JavaVirtualMachines/jdk1.8.0_20.jdk/Contents/Home/jre/lib/jsse.jar:/Library/Java/JavaVirtualMachines/jdk1.8.0_20.jdk/Contents/Home/jre/lib/jce.jar:/Library/Java/JavaVirtualMachines/jdk1.8.0_20.jdk/Contents/Home/jre/lib/charsets.jar:/Library/Java/JavaVirtualMachines/jdk1.8.0_20.jdk/Contents/Home/jre/lib/jfr.jar:/Library/Java/JavaVirtualMachines/jdk1.8.0_20.jdk/Contents/Home/jre/classes"/>
<property name="sun.boot.library.path" value="/Library/Java/JavaVirtualMachines/jdk1.8.0_20.jdk/Contents/Home/jre/lib"/>
<property name="sun.cpu.endian" value="little"/>
<property name="sun.cpu.isalist" value=""/>
<property name="sun.io.unicode.encoding" value="UnicodeBig"/>
<property name="sun.java.command" value="org.apache.tools.ant.launch.Launcher -cp build/classes/main:build/classes/test:build/classes/test2:libs/junit-platform-commons-1.0.0-SNAPSHOT.jar:libs/junit-platform-engine-1.0.0-SNAPSHOT.jar:libs/junit-jupiter-engine-5.0.0-SNAPSHOT.jar:libs/junit-jupiter-api-5.0.0-SNAPSHOT.jar:libs/junit-vintage-engine-4.12.0-SNAPSHOT.jar:libs/junit-4.12.jar:libs/opentest4j-1.0.0-M1.jar:libs/hamcrest-core-1.3.jar -lib /usr/local/share/ant"/>
<property name="sun.java.launcher" value="SUN_STANDARD"/>
<property name="sun.jnu.encoding" value="UTF-8"/>
<property name="sun.management.compiler" value="HotSpot 64-Bit Tiered Compilers"/>
<property name="sun.os.patch.level" value="unknown"/>
<property name="user.country" value="US"/>
<property name="user.country.format" value="PH"/>
<property name="user.dir" value="/Users/dannhilario/git/junit5-samples/junit5-ant-consumer"/>
<property name="user.home" value="/Users/dannhilario"/>
<property name="user.language" value="en"/>
<property name="user.name" value="dannhilario"/>
<property name="user.timezone" value="Asia/Manila"/>
</properties>
<testcase name="test()" classname="com.example.project.JUnit4Test" time="0.001">
<system-out><![CDATA[
unique-id: [engine:junit-vintage]/[runner:com.example.project.JUnit4Test]/[test:test(com.example.project.JUnit4Test)]
display-name: test
]]></system-out>
</testcase>
<system-out><![CDATA[
unique-id: [engine:junit-vintage]
display-name: JUnit Vintage
]]></system-out>
</testsuite>
